C51 COMPILER V9.60.0.0   MAIN                                                              01/02/2020 12:26:28 PAGE 1   


C51 COMPILER V9.60.0.0, COMPILATION OF MODULE MAIN
OBJECT MODULE PLACED IN .\Objects\main.obj
COMPILER INVOKED BY: C:\Keil\C51\BIN\C51.EXE main.c OPTIMIZE(8,SPEED) BROWSE DEBUG OBJECTEXTEND PRINT(.\Listings\main.ls
                    -t) TABS(2) OBJECT(.\Objects\main.obj)

line level    source

   1          #include <reg52.h>
   2          #include <math.h>
   3          
   4          typedef unsigned char uchar;
   5          typedef unsigned int uint;
   6          
   7          sbit key1=P3^1;
   8          sbit key2=P3^0;
   9          sbit key3=P3^2;
  10          sbit key4=P3^3;
  11          sbit PWM_OUT=P2^7;
  12          
  13          uint PWM_Value;
  14          uchar order=0;
  15          
  16          void Delay(unsigned int s);
  17          void Init_Timer0();
  18          uchar flag;
  19          
  20          void Delay(unsigned int s)
  21          {
  22   1      unsigned int i;
  23   1      for(i=0; i<s; i++);
  24   1      for(i=0; i<s; i++);
  25   1      }
  26          
  27          
  28          void Init_Timer0()        
  29          {
  30   1      TMOD=0x11;
  31   1      TH0=(65536-1500)/256;
  32   1      TL0=(65536-1500)%256;
  33   1      EA = 1;
  34   1      ET0 = 1;
  35   1      TR0 = 1;
  36   1      PT0=1;
  37   1      }
  38          
  39          
  40          int main(void)
  41          {
  42   1        PWM_Value = 1500;
  43   1        Init_Timer0();
  44   1        
  45   1        while(1)
  46   1        {
  47   2          if((key1==0)|key2==0)
  48   2          {
  49   3            if(key1==0)
  50   3            {
  51   4              flag = 1;
  52   4            }
  53   3            if(key2==0)
  54   3            {
C51 COMPILER V9.60.0.0   MAIN                                                              01/02/2020 12:26:28 PAGE 2   

  55   4              flag = 2;
  56   4            }
  57   3          }
  58   2          else
  59   2          {
  60   3              flag=0;
  61   3          }
  62   2          Delay(20);
  63   2        }
  64   1      }
  65          
  66          void timer0(void) interrupt 1
  67          {
  68   1      if(flag == 1)
  69   1          PWM_Value = 1000;
  70   1      else if(flag == 2)
  71   1          PWM_Value = 2000;
  72   1      else PWM_Value = 1500;
  73   1      //if(PWM_Value >= 2500)
  74   1      //  PWM_Value = 2500;
  75   1      //if(PWM_Value <= 500)
  76   1      //  PWM_Value = 500;
  77   1      
  78   1      
  79   1      switch(order)
  80   1      {
  81   2        case 1:PWM_OUT=1;
  82   2             TH0=(65536-PWM_Value)>>8; 
  83   2             TL0=(uchar)(65536-PWM_Value);
  84   2             break;                          
  85   2        case 2:PWM_OUT=0;
  86   2             TH0=(65536-(5000-PWM_Value))>>8;    
  87   2             TL0=(uchar)(65536-(5000-PWM_Value));
  88   2             break;                          
  89   2        case 3:
  90   2             TH0=60536>>8;   
  91   2             TL0=(uchar)60536;
  92   2             break;
  93   2        case 4:
  94   2             TH0=60536>>8;   
  95   2             TL0=(uchar)60536;
  96   2             order=0;
  97   2             break;
  98   2      default: order=0; 
  99   2             break;
 100   2      } 
 101   1             order++;
 102   1      }


MODULE INFORMATION:   STATIC OVERLAYABLE
   CODE SIZE        =    308    ----
   CONSTANT SIZE    =   ----    ----
   XDATA SIZE       =   ----    ----
   PDATA SIZE       =   ----    ----
   DATA SIZE        =      4    ----
   IDATA SIZE       =   ----    ----
   BIT SIZE         =   ----    ----
END OF MODULE INFORMATION.


C51 COMPILATION COMPLETE.  0 WARNING(S),  0 ERROR(S)
