C51 COMPILER V9.60.0.0   SMG                                                               01/03/2020 13:34:17 PAGE 1   


C51 COMPILER V9.60.0.0, COMPILATION OF MODULE SMG
OBJECT MODULE PLACED IN .\Objects\smg.obj
COMPILER INVOKED BY: C:\Keil\C51\BIN\C51.EXE smg.c OPTIMIZE(8,SPEED) BROWSE DEBUG OBJECTEXTEND PRINT(.\Listings\smg.lst)
                    - TABS(2) OBJECT(.\Objects\smg.obj)

line level    source

   1          #include "reg52.h"
   2          
   3          typedef unsigned int uint;    //对数据类型进行声明定义
   4          typedef unsigned char uchar;
   5          
   6          sbit LSA=P2^2;
   7          sbit LSB=P2^3;
   8          sbit LSC=P2^4;
   9          
  10          #define KEY1 1
  11          #define KEY2 2
  12          #define KEY3 3
  13          #define KEY4 4
  14          
  15          uchar code smgduan[17]={0x3f,0x06,0x5b,0x4f,0x66,0x6d,0x7d,0x07,
  16                    0x7f,0x6f,0x77,0x7c,0x39,0x5e,0x79,0x71};
  17          uchar DisplayData[8];
  18          char datnum1=0,datnum2=0,datnum3=0,datnum4=0;
  19          uchar setflag=0;
  20          uchar wei_change=0;
  21          
  22          void delay10us(uint i)
  23          {
  24   1        while(i--);
  25   1      }
  26          
  27          void DigDisplay()
  28          {
  29   1        uchar i;
  30   1        for(i=0;i<4;i++)
  31   1        {
  32   2          switch(i)
  33   2        {
  34   3          case(0):
  35   3              LSA=1;LSB=1;LSC=1; break;
  36   3            case(1):
  37   3              LSA=0;LSB=1;LSC=1; break;
  38   3            case(2):
  39   3              LSA=1;LSB=0;LSC=1; break;
  40   3            case(3):
  41   3              LSA=0;LSB=0;LSC=1; break;
  42   3      //      case(4):
  43   3      //        LSA=1;LSB=1;LSC=0; break;
  44   3      //      case(5):
  45   3      //        LSA=0;LSB=1;LSC=0; break;
  46   3      //      case(6):
  47   3      //        LSA=1;LSB=0;LSC=0; break;
  48   3      //      case(7):
  49   3      //        LSA=0;LSB=0;LSC=0; break;
  50   3        }
  51   2        P0=DisplayData[i];//发送段码
  52   2        delay10us(100); //间隔一段时间扫描  
  53   2        P0=0x00;//消隐
  54   2        }
C51 COMPILER V9.60.0.0   SMG                                                               01/03/2020 13:34:17 PAGE 2   

  55   1      }
  56          
  57          void smg(uint a)
  58          {
  59   1        datnum4=a/1000;
  60   1        datnum3=(a-datnum4*1000)/100;
  61   1        datnum2=(a-datnum4*1000-datnum3*100)/10;
  62   1        datnum1=(a-datnum4*1000-datnum3*100-datnum2*10);
  63   1        DisplayData[0]=smgduan[datnum4];
  64   1        DisplayData[1]=smgduan[datnum3];
  65   1        DisplayData[2]=smgduan[datnum2];
  66   1        DisplayData[3]=smgduan[datnum1];
  67   1        DigDisplay();
  68   1      }


MODULE INFORMATION:   STATIC OVERLAYABLE
   CODE SIZE        =    284    ----
   CONSTANT SIZE    =     17    ----
   XDATA SIZE       =   ----    ----
   PDATA SIZE       =   ----    ----
   DATA SIZE        =     14       2
   IDATA SIZE       =   ----    ----
   BIT SIZE         =   ----    ----
END OF MODULE INFORMATION.


C51 COMPILATION COMPLETE.  0 WARNING(S),  0 ERROR(S)
